<?xml version="1.0" encoding="UTF-8"?>
<testsuite xmlns:xsi="http://www.w3.org/2001/XMLSchema-instance" xsi:noNamespaceSchemaLocation="https://maven.apache.org/surefire/maven-surefire-plugin/xsd/surefire-test-report.xsd" name="com.home.AppTest" time="0.024" tests="7" errors="0" skipped="0" failures="0">
  <properties>
[...]
</properties>
  <testcase name="testMergePriceFromTask" classname="com.home.AppTest" time="0.004"/>
  <testcase name="newPriceAfter" classname="com.home.AppTest" time="0"/>
  <testcase name="innerPriceMerge" classname="com.home.AppTest" time="0.001"/>
  <testcase name="newTwoIntervalPrice" classname="com.home.AppTest" time="0.001"/>
  <testcase name="newPricesBefore" classname="com.home.AppTest" time="0.001"/>
  <testcase name="intoSamePrices" classname="com.home.AppTest" time="0.001"/>
  <testcase name="newPriceOverlapOldPrice" classname="com.home.AppTest" time="0"/>
</testsuite>